2022-01-12 14:30:24.211  INFO 82713 --- [main] com.macro.mall.tiny.MallTinyApplication  : Starting MallTinyApplication on BRYANTIAN-MB28 with PID 82713 (/Users/bryantian/Project/ServerProj/LearnNew/mall-tiny/mall-tiny/target/classes started by bryantian in /Users/bryantian/Project/ServerProj/LearnNew/mall-tiny/mall-tiny)
2022-01-12 14:30:24.222  INFO 82713 --- [main] com.macro.mall.tiny.MallTinyApplication  : The following profiles are active: dev
2022-01-12 14:30:25.697  INFO 82713 --- [main] .s.d.r.c.RepositoryConfigurationDelegate : Multiple Spring Data modules found, entering strict repository configuration mode!
2022-01-12 14:30:25.700  INFO 82713 --- [main] .s.d.r.c.RepositoryConfigurationDelegate : Bootstrapping Spring Data Redis repositories in DEFAULT mode.
2022-01-12 14:30:25.751  INFO 82713 --- [main] .s.d.r.c.RepositoryConfigurationDelegate : Finished Spring Data repository scanning in 31ms. Found 0 Redis repository interfaces.
2022-01-12 14:30:26.437  INFO 82713 --- [main] trationDelegate$BeanPostProcessorChecker : Bean 'org.springframework.security.access.expression.method.DefaultMethodSecurityExpressionHandler@51ac12ac' of type [org.springframework.security.access.expression.method.DefaultMethodSecurityExpressionHandler] is not eligible for getting processed by all BeanPostProcessors (for example: not eligible for auto-proxying)
2022-01-12 14:30:26.444  INFO 82713 --- [main] trationDelegate$BeanPostProcessorChecker : Bean 'methodSecurityMetadataSource' of type [org.springframework.security.access.method.DelegatingMethodSecurityMetadataSource] is not eligible for getting processed by all BeanPostProcessors (for example: not eligible for auto-proxying)
2022-01-12 14:30:26.849  INFO 82713 --- [main] o.s.b.w.embedded.tomcat.TomcatWebServer  : Tomcat initialized with port(s): 9091 (http)
2022-01-12 14:30:26.860  INFO 82713 --- [main] o.apache.catalina.core.StandardService   : Starting service [Tomcat]
2022-01-12 14:30:26.861  INFO 82713 --- [main] org.apache.catalina.core.StandardEngine  : Starting Servlet engine: [Apache Tomcat/9.0.35]
2022-01-12 14:30:26.951  INFO 82713 --- [main] o.a.c.c.C.[Tomcat].[localhost].[/]       : Initializing Spring embedded WebApplicationContext
2022-01-12 14:30:26.952  INFO 82713 --- [main] o.s.web.context.ContextLoader            : Root WebApplicationContext: initialization completed in 2675 ms
2022-01-12 14:30:27.355  INFO 82713 --- [main] c.a.d.s.b.a.DruidDataSourceAutoConfigure : Init DruidDataSource
2022-01-12 14:30:27.618  INFO 82713 --- [main] com.alibaba.druid.pool.DruidDataSource   : {dataSource-1} inited
2022-01-12 14:30:29.093  WARN 82713 --- [main] c.m.m.t.s.c.DynamicSecurityFilter        : Could not validate configuration attributes as the SecurityMetadataSource did not return any attributes from getAllConfigAttributes()
2022-01-12 14:30:29.775  INFO 82713 --- [main] o.s.b.a.e.web.EndpointLinksResolver      : Exposing 2 endpoint(s) beneath base path '/actuator'
2022-01-12 14:30:29.944  INFO 82713 --- [main] o.s.s.web.DefaultSecurityFilterChain     : Creating filter chain: any request, [org.springframework.security.web.context.request.async.WebAsyncManagerIntegrationFilter@6130a6f5, org.springframework.security.web.context.SecurityContextPersistenceFilter@32f45e15, org.springframework.security.web.header.HeaderWriterFilter@7c07023, org.springframework.security.web.authentication.logout.LogoutFilter@219a2203, com.macro.mall.tiny.security.component.JwtAuthenticationTokenFilter@3f9e8af5, org.springframework.security.web.savedrequest.RequestCacheAwareFilter@5ef7ae2f, org.springframework.security.web.servletapi.SecurityContextHolderAwareRequestFilter@524dd373, org.springframework.security.web.authentication.AnonymousAuthenticationFilter@3fb0d9de, org.springframework.security.web.session.SessionManagementFilter@f13e0a2, org.springframework.security.web.access.ExceptionTranslationFilter@5d373794, com.macro.mall.tiny.security.component.DynamicSecurityFilter@1382a7d8, org.springframework.security.web.access.intercept.FilterSecurityInterceptor@430db481]
2022-01-12 14:30:30.098  INFO 82713 --- [main] o.s.s.concurrent.ThreadPoolTaskExecutor  : Initializing ExecutorService 'applicationTaskExecutor'
2022-01-12 14:30:30.434  INFO 82713 --- [main] o.s.b.w.embedded.tomcat.TomcatWebServer  : Tomcat started on port(s): 9091 (http) with context path ''
2022-01-12 14:30:30.956  INFO 82713 --- [main] com.macro.mall.tiny.MallTinyApplication  : Started MallTinyApplication in 7.242 seconds (JVM running for 8.132)
2022-01-12 14:57:47.163  INFO 82713 --- [http-nio-9091-exec-2] o.a.c.c.C.[Tomcat].[localhost].[/]       : Initializing Spring DispatcherServlet 'dispatcherServlet'
2022-01-12 14:57:47.164  INFO 82713 --- [http-nio-9091-exec-2] o.s.web.servlet.DispatcherServlet        : Initializing Servlet 'dispatcherServlet'
2022-01-12 14:57:47.201  INFO 82713 --- [http-nio-9091-exec-2] o.s.web.servlet.DispatcherServlet        : Completed initialization in 36 ms
2022-01-12 14:57:47.329  INFO 82713 --- [http-nio-9091-exec-3] c.m.m.t.s.c.JwtAuthenticationTokenFilter : checking username:admin_01
2022-01-12 14:57:47.711  INFO 82713 --- [http-nio-9091-exec-3] c.m.m.t.s.c.JwtAuthenticationTokenFilter : authenticated user:admin_01
2022-01-12 14:57:47.793  INFO 82713 --- [http-nio-9091-exec-4] c.m.m.t.s.c.JwtAuthenticationTokenFilter : checking username:admin_01
2022-01-12 14:57:47.800  INFO 82713 --- [http-nio-9091-exec-4] c.m.m.t.s.c.JwtAuthenticationTokenFilter : authenticated user:admin_01
2022-01-12 14:57:47.999  INFO 82713 --- [http-nio-9091-exec-7] c.m.m.t.s.c.JwtAuthenticationTokenFilter : checking username:admin_01
2022-01-12 14:57:48.003  INFO 82713 --- [http-nio-9091-exec-8] c.m.m.t.s.c.JwtAuthenticationTokenFilter : checking username:admin_01
2022-01-12 14:57:48.008  INFO 82713 --- [http-nio-9091-exec-7] c.m.m.t.s.c.JwtAuthenticationTokenFilter : authenticated user:admin_01
2022-01-12 14:57:48.011  INFO 82713 --- [http-nio-9091-exec-8] c.m.m.t.s.c.JwtAuthenticationTokenFilter : authenticated user:admin_01
2022-01-12 14:57:51.029  INFO 82713 --- [http-nio-9091-exec-10] c.m.m.t.s.c.JwtAuthenticationTokenFilter : checking username:admin_01
2022-01-12 14:57:51.044  INFO 82713 --- [http-nio-9091-exec-10] c.m.m.t.s.c.JwtAuthenticationTokenFilter : authenticated user:admin_01
2022-01-12 14:57:57.746  INFO 82713 --- [http-nio-9091-exec-4] c.m.m.t.s.c.JwtAuthenticationTokenFilter : checking username:admin_01
2022-01-12 14:57:57.746  INFO 82713 --- [http-nio-9091-exec-3] c.m.m.t.s.c.JwtAuthenticationTokenFilter : checking username:admin_01
2022-01-12 14:57:57.753  INFO 82713 --- [http-nio-9091-exec-4] c.m.m.t.s.c.JwtAuthenticationTokenFilter : authenticated user:admin_01
2022-01-12 14:57:57.754  INFO 82713 --- [http-nio-9091-exec-3] c.m.m.t.s.c.JwtAuthenticationTokenFilter : authenticated user:admin_01
2022-01-12 14:58:48.289  INFO 82713 --- [http-nio-9091-exec-6] c.m.m.t.s.c.JwtAuthenticationTokenFilter : checking username:admin_01
2022-01-12 14:58:48.294  INFO 82713 --- [http-nio-9091-exec-6] c.m.m.t.s.c.JwtAuthenticationTokenFilter : authenticated user:admin_01
2022-01-12 14:59:51.318  INFO 82713 --- [http-nio-9091-exec-9] c.m.m.t.s.c.JwtAuthenticationTokenFilter : checking username:admin_01
2022-01-12 14:59:51.324  INFO 82713 --- [http-nio-9091-exec-9] c.m.m.t.s.c.JwtAuthenticationTokenFilter : authenticated user:admin_01
2022-01-12 14:59:51.733  INFO 82713 --- [http-nio-9091-exec-3] c.m.m.t.s.c.JwtAuthenticationTokenFilter : checking username:admin_01
2022-01-12 14:59:51.734  INFO 82713 --- [http-nio-9091-exec-1] c.m.m.t.s.c.JwtAuthenticationTokenFilter : checking username:admin_01
2022-01-12 14:59:51.741  INFO 82713 --- [http-nio-9091-exec-3] c.m.m.t.s.c.JwtAuthenticationTokenFilter : authenticated user:admin_01
2022-01-12 14:59:51.741  INFO 82713 --- [http-nio-9091-exec-1] c.m.m.t.s.c.JwtAuthenticationTokenFilter : authenticated user:admin_01
2022-01-12 15:00:09.186  INFO 82713 --- [http-nio-9091-exec-5] c.m.m.t.s.c.JwtAuthenticationTokenFilter : checking username:admin_01
2022-01-12 15:00:09.189  INFO 82713 --- [http-nio-9091-exec-5] c.m.m.t.s.c.JwtAuthenticationTokenFilter : authenticated user:admin_01
2022-01-12 15:00:11.510  INFO 82713 --- [http-nio-9091-exec-6] c.m.m.t.s.c.JwtAuthenticationTokenFilter : checking username:admin_01
2022-01-12 15:00:11.520  INFO 82713 --- [http-nio-9091-exec-6] c.m.m.t.s.c.JwtAuthenticationTokenFilter : authenticated user:admin_01
2022-01-12 15:00:14.795  INFO 82713 --- [http-nio-9091-exec-9] c.m.m.t.s.c.JwtAuthenticationTokenFilter : checking username:admin_01
2022-01-12 15:00:14.799  INFO 82713 --- [http-nio-9091-exec-9] c.m.m.t.s.c.JwtAuthenticationTokenFilter : authenticated user:admin_01
2022-01-12 15:00:15.118  INFO 82713 --- [http-nio-9091-exec-2] c.m.m.t.s.c.JwtAuthenticationTokenFilter : checking username:admin_01
2022-01-12 15:00:15.123  INFO 82713 --- [http-nio-9091-exec-2] c.m.m.t.s.c.JwtAuthenticationTokenFilter : authenticated user:admin_01
2022-01-12 15:00:21.164  INFO 82713 --- [http-nio-9091-exec-3] c.m.m.t.s.c.JwtAuthenticationTokenFilter : checking username:admin_01
2022-01-12 15:00:21.168  INFO 82713 --- [http-nio-9091-exec-3] c.m.m.t.s.c.JwtAuthenticationTokenFilter : authenticated user:admin_01
2022-01-12 15:00:21.190  INFO 82713 --- [http-nio-9091-exec-4] c.m.m.t.s.c.JwtAuthenticationTokenFilter : checking username:admin_01
2022-01-12 15:00:21.194  INFO 82713 --- [http-nio-9091-exec-4] c.m.m.t.s.c.JwtAuthenticationTokenFilter : authenticated user:admin_01
